# JRE version: Java(TM) SE Runtime Environment (7.0_79-b15) (build 1.7.0_79-b15)
# Java VM: Java HotSpot(TM) 64-Bit Server VM (24.79-b02 mixed mode windows-amd64 compressed oops)
Heap
 PSYoungGen      total 435200K, used 209345K [0x00000007c0d00000, 0x00000007f8d00000, 0x0000000800000000)
  eden space 382976K, 41% used [0x00000007c0d00000,0x00000007ca671a78,0x00000007d8300000)
  from space 52224K, 99% used [0x00000007d8300000,0x00000007db5fe9d0,0x00000007db600000)
  to   space 75776K, 0% used [0x00000007f4300000,0x00000007f4300000,0x00000007f8d00000)
 ParOldGen       total 129024K, used 87550K [0x0000000742800000, 0x000000074a600000, 0x00000007c0d00000)
  object space 129024K, 67% used [0x0000000742800000,0x0000000747d7f968,0x000000074a600000)
 PSPermGen       total 47616K, used 47295K [0x000000073d600000, 0x0000000740480000, 0x0000000742800000)
  object space 47616K, 99% used [0x000000073d600000,0x000000074042fe40,0x0000000740480000)
GC Heap History (10 events):
Event: 9.127 GC heap before
{Heap before GC invocations=3 (full 0):
 PSYoungGen      total 107008K, used 106984K [0x00000007c0d00000, 0x00000007c7d00000, 0x0000000800000000)
  eden space 99328K, 100% used [0x00000007c0d00000,0x00000007c6e00000,0x00000007c6e00000)
  from space 7680K, 99% used [0x00000007c7580000,0x00000007c7cfa2b0,0x00000007c7d00000)
  to   space 7680K, 0% used [0x00000007c6e00000,0x00000007c6e00000,0x00000007c7580000)
 ParOldGen       total 129024K, used 1630K [0x0000000742800000, 0x000000074a600000, 0x00000007c0d00000)
  object space 129024K, 1% used [0x0000000742800000,0x0000000742997968,0x000000074a600000)
 PSPermGen       total 21504K, used 19558K [0x000000073d600000, 0x000000073eb00000, 0x0000000742800000)
  object space 21504K, 90% used [0x000000073d600000,0x000000073e919b40,0x000000073eb00000)
Event: 9.154 GC heap after
Heap after GC invocations=3 (full 0):
 PSYoungGen      total 107008K, used 7674K [0x00000007c0d00000, 0x00000007cde00000, 0x0000000800000000)
  eden space 99328K, 0% used [0x00000007c0d00000,0x00000007c0d00000,0x00000007c6e00000)
  from space 7680K, 99% used [0x00000007c6e00000,0x00000007c757ebb0,0x00000007c7580000)
  to   space 7680K, 0% used [0x00000007cd680000,0x00000007cd680000,0x00000007cde00000)
 ParOldGen       total 129024K, used 6318K [0x0000000742800000, 0x000000074a600000, 0x00000007c0d00000)
  object space 129024K, 4% used [0x0000000742800000,0x0000000742e2b958,0x000000074a600000)
 PSPermGen       total 21504K, used 19558K [0x000000073d600000, 0x000000073eb00000, 0x0000000742800000)
  object space 21504K, 90% used [0x000000073d600000,0x000000073e919b40,0x000000073eb00000)
}
Event: 11.940 GC heap before
{Heap before GC invocations=4 (full 0):
 PSYoungGen      total 107008K, used 107002K [0x00000007c0d00000, 0x00000007cde00000, 0x0000000800000000)
  eden space 99328K, 100% used [0x00000007c0d00000,0x00000007c6e00000,0x00000007c6e00000)
  from space 7680K, 99% used [0x00000007c6e00000,0x00000007c757ebb0,0x00000007c7580000)
  to   space 7680K, 0% used [0x00000007cd680000,0x00000007cd680000,0x00000007cde00000)
 ParOldGen       total 129024K, used 6318K [0x0000000742800000, 0x000000074a600000, 0x00000007c0d00000)
  object space 129024K, 4% used [0x0000000742800000,0x0000000742e2b958,0x000000074a600000)
 PSPermGen       total 26624K, used 26566K [0x000000073d600000, 0x000000073f000000, 0x0000000742800000)
  object space 26624K, 99% used [0x000000073d600000,0x000000073eff1858,0x000000073f000000)
Event: 11.988 GC heap after
Heap after GC invocations=4 (full 0):
 PSYoungGen      total 206336K, used 7659K [0x00000007c0d00000, 0x00000007cde00000, 0x0000000800000000)
  eden space 198656K, 0% used [0x00000007c0d00000,0x00000007c0d00000,0x00000007ccf00000)
  from space 7680K, 99% used [0x00000007cd680000,0x00000007cddfad00,0x00000007cde00000)
  to   space 7680K, 0% used [0x00000007ccf00000,0x00000007ccf00000,0x00000007cd680000)
 ParOldGen       total 129024K, used 21712K [0x0000000742800000, 0x000000074a600000, 0x00000007c0d00000)
  object space 129024K, 16% used [0x0000000742800000,0x0000000743d34398,0x000000074a600000)
 PSPermGen       total 26624K, used 26566K [0x000000073d600000, 0x000000073f000000, 0x0000000742800000)
  object space 26624K, 99% used [0x000000073d600000,0x000000073eff1858,0x000000073f000000)
}
Event: 13.378 GC heap before
{Heap before GC invocations=5 (full 0):
 PSYoungGen      total 206336K, used 206315K [0x00000007c0d00000, 0x00000007cde00000, 0x0000000800000000)
  eden space 198656K, 100% used [0x00000007c0d00000,0x00000007ccf00000,0x00000007ccf00000)
  from space 7680K, 99% used [0x00000007cd680000,0x00000007cddfad00,0x00000007cde00000)
  to   space 7680K, 0% used [0x00000007ccf00000,0x00000007ccf00000,0x00000007cd680000)
 ParOldGen       total 129024K, used 21712K [0x0000000742800000, 0x000000074a600000, 0x00000007c0d00000)
  object space 129024K, 16% used [0x0000000742800000,0x0000000743d34398,0x000000074a600000)
 PSPermGen       total 27136K, used 26630K [0x000000073d600000, 0x000000073f080000, 0x0000000742800000)
  object space 27136K, 98% used [0x000000073d600000,0x000000073f001a28,0x000000073f080000)
Event: 13.430 GC heap after
Heap after GC invocations=5 (full 0):
 PSYoungGen      total 206336K, used 7679K [0x00000007c0d00000, 0x00000007ddb00000, 0x0000000800000000)
  eden space 198656K, 0% used [0x00000007c0d00000,0x00000007c0d00000,0x00000007ccf00000)
  from space 7680K, 99% used [0x00000007ccf00000,0x00000007cd67fd78,0x00000007cd680000)
  to   space 37888K, 0% used [0x00000007db600000,0x00000007db600000,0x00000007ddb00000)
 ParOldGen       total 129024K, used 50734K [0x0000000742800000, 0x000000074a600000, 0x00000007c0d00000)
  object space 129024K, 39% used [0x0000000742800000,0x000000074598b988,0x000000074a600000)
 PSPermGen       total 27136K, used 26630K [0x000000073d600000, 0x000000073f080000, 0x0000000742800000)
  object space 27136K, 98% used [0x000000073d600000,0x000000073f001a28,0x000000073f080000)
}
Event: 14.724 GC heap before
{Heap before GC invocations=6 (full 0):
 PSYoungGen      total 206336K, used 206335K [0x00000007c0d00000, 0x00000007ddb00000, 0x0000000800000000)
  eden space 198656K, 100% used [0x00000007c0d00000,0x00000007ccf00000,0x00000007ccf00000)
  from space 7680K, 99% used [0x00000007ccf00000,0x00000007cd67fd78,0x00000007cd680000)
  to   space 37888K, 0% used [0x00000007db600000,0x00000007db600000,0x00000007ddb00000)
 ParOldGen       total 129024K, used 50734K [0x0000000742800000, 0x000000074a600000, 0x00000007c0d00000)
  object space 129024K, 39% used [0x0000000742800000,0x000000074598b988,0x000000074a600000)
 PSPermGen       total 27136K, used 26662K [0x000000073d600000, 0x000000073f080000, 0x0000000742800000)
  object space 27136K, 98% used [0x000000073d600000,0x000000073f009a10,0x000000073f080000)
Event: 14.817 GC heap after
Heap after GC invocations=6 (full 0):
 PSYoungGen      total 420864K, used 37872K [0x00000007c0d00000, 0x00000007df700000, 0x0000000800000000)
  eden space 382976K, 0% used [0x00000007c0d00000,0x00000007c0d00000,0x00000007d8300000)
  from space 37888K, 99% used [0x00000007db600000,0x00000007ddafc0f8,0x00000007ddb00000)
  to   space 52224K, 0% used [0x00000007d8300000,0x00000007d8300000,0x00000007db600000)
 ParOldGen       total 129024K, used 62238K [0x0000000742800000, 0x000000074a600000, 0x00000007c0d00000)
  object space 129024K, 48% used [0x0000000742800000,0x00000007464c7a80,0x000000074a600000)
 PSPermGen       total 27136K, used 26662K [0x000000073d600000, 0x000000073f080000, 0x0000000742800000)
  object space 27136K, 98% used [0x000000073d600000,0x000000073f009a10,0x000000073f080000)
}
Event: 18.366 GC heap before
{Heap before GC invocations=7 (full 0):
 PSYoungGen      total 420864K, used 420848K [0x00000007c0d00000, 0x00000007df700000, 0x0000000800000000)
  eden space 382976K, 100% used [0x00000007c0d00000,0x00000007d8300000,0x00000007d8300000)
  from space 37888K, 99% used [0x00000007db600000,0x00000007ddafc0f8,0x00000007ddb00000)
  to   space 52224K, 0% used [0x00000007d8300000,0x00000007d8300000,0x00000007db600000)
 ParOldGen       total 129024K, used 62238K [0x0000000742800000, 0x000000074a600000, 0x00000007c0d00000)
  object space 129024K, 48% used [0x0000000742800000,0x00000007464c7a80,0x000000074a600000)
 PSPermGen       total 38912K, used 38494K [0x000000073d600000, 0x000000073fc00000, 0x0000000742800000)
  object space 38912K, 98% used [0x000000073d600000,0x000000073fb978c8,0x000000073fc00000)
Event: 18.469 GC heap after
Heap after GC invocations=7 (full 0):
 PSYoungGen      total 435200K, used 52218K [0x00000007c0d00000, 0x00000007f8d00000, 0x0000000800000000)
  eden space 382976K, 0% used [0x00000007c0d00000,0x00000007c0d00000,0x00000007d8300000)
  from space 52224K, 99% used [0x00000007d8300000,0x00000007db5fe9d0,0x00000007db600000)
  to   space 75776K, 0% used [0x00000007f4300000,0x00000007f4300000,0x00000007f8d00000)
 ParOldGen       total 129024K, used 87550K [0x0000000742800000, 0x000000074a600000, 0x00000007c0d00000)
  object space 129024K, 67% used [0x0000000742800000,0x0000000747d7f968,0x000000074a600000)
 PSPermGen       total 38912K, used 38494K [0x000000073d600000, 0x000000073fc00000, 0x0000000742800000)
  object space 38912K, 98% used [0x000000073d600000,0x000000073fb978c8,0x000000073fc00000)
}

