# JRE version: Java(TM) SE Runtime Environment (7.0_79-b15) (build 1.7.0_79-b15)
# Java VM: Java HotSpot(TM) 64-Bit Server VM (24.79-b02 mixed mode windows-amd64 compressed oops)
Heap
 PSYoungGen      total 107008K, used 11612K [0x00000007c0d00000, 0x00000007c7d00000, 0x0000000800000000)
  eden space 99328K, 3% used [0x00000007c0d00000,0x00000007c10dd1b8,0x00000007c6e00000)
  from space 7680K, 99% used [0x00000007c7580000,0x00000007c7cfa020,0x00000007c7d00000)
  to   space 7680K, 0% used [0x00000007c6e00000,0x00000007c6e00000,0x00000007c7580000)
 ParOldGen       total 129024K, used 6546K [0x0000000742800000, 0x000000074a600000, 0x00000007c0d00000)
  object space 129024K, 5% used [0x0000000742800000,0x0000000742e64a58,0x000000074a600000)
 PSPermGen       total 21504K, used 17155K [0x000000073d600000, 0x000000073eb00000, 0x0000000742800000)
  object space 21504K, 79% used [0x000000073d600000,0x000000073e6c0f58,0x000000073eb00000)
GC Heap History (8 events):
Event: 1.805 GC heap before
{Heap before GC invocations=1 (full 0):
 PSYoungGen      total 57344K, used 49664K [0x00000007c0d00000, 0x00000007c4c80000, 0x0000000800000000)
  eden space 49664K, 100% used [0x00000007c0d00000,0x00000007c3d80000,0x00000007c3d80000)
  from space 7680K, 0% used [0x00000007c4500000,0x00000007c4500000,0x00000007c4c80000)
  to   space 7680K, 0% used [0x00000007c3d80000,0x00000007c3d80000,0x00000007c4500000)
 ParOldGen       total 129024K, used 0K [0x0000000742800000, 0x000000074a600000, 0x00000007c0d00000)
  object space 129024K, 0% used [0x0000000742800000,0x0000000742800000,0x000000074a600000)
 PSPermGen       total 21504K, used 10070K [0x000000073d600000, 0x000000073eb00000, 0x0000000742800000)
  object space 21504K, 46% used [0x000000073d600000,0x000000073dfd5a48,0x000000073eb00000)
Event: 1.817 GC heap after
Heap after GC invocations=1 (full 0):
 PSYoungGen      total 57344K, used 7151K [0x00000007c0d00000, 0x00000007c4c80000, 0x0000000800000000)
  eden space 49664K, 0% used [0x00000007c0d00000,0x00000007c0d00000,0x00000007c3d80000)
  from space 7680K, 93% used [0x00000007c3d80000,0x00000007c447bd48,0x00000007c4500000)
  to   space 7680K, 0% used [0x00000007c4500000,0x00000007c4500000,0x00000007c4c80000)
 ParOldGen       total 129024K, used 8K [0x0000000742800000, 0x000000074a600000, 0x00000007c0d00000)
  object space 129024K, 0% used [0x0000000742800000,0x0000000742802000,0x000000074a600000)
 PSPermGen       total 21504K, used 10070K [0x000000073d600000, 0x000000073eb00000, 0x0000000742800000)
  object space 21504K, 46% used [0x000000073d600000,0x000000073dfd5a48,0x000000073eb00000)
}
Event: 3.339 GC heap before
{Heap before GC invocations=2 (full 0):
 PSYoungGen      total 57344K, used 56815K [0x00000007c0d00000, 0x00000007c4c80000, 0x0000000800000000)
  eden space 49664K, 100% used [0x00000007c0d00000,0x00000007c3d80000,0x00000007c3d80000)
  from space 7680K, 93% used [0x00000007c3d80000,0x00000007c447bd48,0x00000007c4500000)
  to   space 7680K, 0% used [0x00000007c4500000,0x00000007c4500000,0x00000007c4c80000)
 ParOldGen       total 129024K, used 8K [0x0000000742800000, 0x000000074a600000, 0x00000007c0d00000)
  object space 129024K, 0% used [0x0000000742800000,0x0000000742802000,0x000000074a600000)
 PSPermGen       total 21504K, used 14932K [0x000000073d600000, 0x000000073eb00000, 0x0000000742800000)
  object space 21504K, 69% used [0x000000073d600000,0x000000073e495020,0x000000073eb00000)
Event: 3.413 GC heap after
Heap after GC invocations=2 (full 0):
 PSYoungGen      total 57344K, used 7668K [0x00000007c0d00000, 0x00000007c7d00000, 0x0000000800000000)
  eden space 49664K, 0% used [0x00000007c0d00000,0x00000007c0d00000,0x00000007c3d80000)
  from space 7680K, 99% used [0x00000007c4500000,0x00000007c4c7d2c0,0x00000007c4c80000)
  to   space 7680K, 0% used [0x00000007c3d80000,0x00000007c3d80000,0x00000007c4500000)
 ParOldGen       total 129024K, used 1607K [0x0000000742800000, 0x000000074a600000, 0x00000007c0d00000)
  object space 129024K, 1% used [0x0000000742800000,0x0000000742991d20,0x000000074a600000)
 PSPermGen       total 21504K, used 14932K [0x000000073d600000, 0x000000073eb00000, 0x0000000742800000)
  object space 21504K, 69% used [0x000000073d600000,0x000000073e495020,0x000000073eb00000)
}
Event: 5.184 GC heap before
{Heap before GC invocations=3 (full 0):
 PSYoungGen      total 57344K, used 57332K [0x00000007c0d00000, 0x00000007c7d00000, 0x0000000800000000)
  eden space 49664K, 100% used [0x00000007c0d00000,0x00000007c3d80000,0x00000007c3d80000)
  from space 7680K, 99% used [0x00000007c4500000,0x00000007c4c7d2c0,0x00000007c4c80000)
  to   space 7680K, 0% used [0x00000007c3d80000,0x00000007c3d80000,0x00000007c4500000)
 ParOldGen       total 129024K, used 1607K [0x0000000742800000, 0x000000074a600000, 0x00000007c0d00000)
  object space 129024K, 1% used [0x0000000742800000,0x0000000742991d20,0x000000074a600000)
 PSPermGen       total 21504K, used 15645K [0x000000073d600000, 0x000000073eb00000, 0x0000000742800000)
  object space 21504K, 72% used [0x000000073d600000,0x000000073e547718,0x000000073eb00000)
Event: 5.198 GC heap after
Heap after GC invocations=3 (full 0):
 PSYoungGen      total 57344K, used 7656K [0x00000007c0d00000, 0x00000007c7d00000, 0x0000000800000000)
  eden space 49664K, 0% used [0x00000007c0d00000,0x00000007c0d00000,0x00000007c3d80000)
  from space 7680K, 99% used [0x00000007c3d80000,0x00000007c44fa020,0x00000007c4500000)
  to   space 7680K, 0% used [0x00000007c7580000,0x00000007c7580000,0x00000007c7d00000)
 ParOldGen       total 129024K, used 2759K [0x0000000742800000, 0x000000074a600000, 0x00000007c0d00000)
  object space 129024K, 2% used [0x0000000742800000,0x0000000742ab1ea0,0x000000074a600000)
 PSPermGen       total 21504K, used 15645K [0x000000073d600000, 0x000000073eb00000, 0x0000000742800000)
  object space 21504K, 72% used [0x000000073d600000,0x000000073e547718,0x000000073eb00000)
}
Event: 6.679 GC heap before
{Heap before GC invocations=4 (full 0):
 PSYoungGen      total 57344K, used 57320K [0x00000007c0d00000, 0x00000007c7d00000, 0x0000000800000000)
  eden space 49664K, 100% used [0x00000007c0d00000,0x00000007c3d80000,0x00000007c3d80000)
  from space 7680K, 99% used [0x00000007c3d80000,0x00000007c44fa020,0x00000007c4500000)
  to   space 7680K, 0% used [0x00000007c7580000,0x00000007c7580000,0x00000007c7d00000)
 ParOldGen       total 129024K, used 2759K [0x0000000742800000, 0x000000074a600000, 0x00000007c0d00000)
  object space 129024K, 2% used [0x0000000742800000,0x0000000742ab1ea0,0x000000074a600000)
 PSPermGen       total 21504K, used 17150K [0x000000073d600000, 0x000000073eb00000, 0x0000000742800000)
  object space 21504K, 79% used [0x000000073d600000,0x000000073e6bfb00,0x000000073eb00000)
Event: 6.728 GC heap after
Heap after GC invocations=4 (full 0):
 PSYoungGen      total 107008K, used 7656K [0x00000007c0d00000, 0x00000007c7d00000, 0x0000000800000000)
  eden space 99328K, 0% used [0x00000007c0d00000,0x00000007c0d00000,0x00000007c6e00000)
  from space 7680K, 99% used [0x00000007c7580000,0x00000007c7cfa020,0x00000007c7d00000)
  to   space 7680K, 0% used [0x00000007c6e00000,0x00000007c6e00000,0x00000007c7580000)
 ParOldGen       total 129024K, used 6546K [0x0000000742800000, 0x000000074a600000, 0x00000007c0d00000)
  object space 129024K, 5% used [0x0000000742800000,0x0000000742e64a58,0x000000074a600000)
 PSPermGen       total 21504K, used 17150K [0x000000073d600000, 0x000000073eb00000, 0x0000000742800000)
  object space 21504K, 79% used [0x000000073d600000,0x000000073e6bfb00,0x000000073eb00000)
}

